app/build/intermediates/manifest_merge_blame_file/debug/manifest-merger-blame-debug-report.txt
1<?xml version="1.0" encoding="utf-8"?>
2<manifest xmlns:android="http://schemas.android.com/apk/res/android"
3    package="com.yourcompany.android.studdy"
4    android:versionCode="1"
5    android:versionName="1.0" >
6
7    <uses-sdk
8        android:minSdkVersion="23"
8-->src\main\AndroidManifest.xml
9        android:targetSdkVersion="33" />
9-->src\main\AndroidManifest.xml
10
11    <uses-permission android:name="android.permission.USE_FULL_SCREEN_INTENT" />
11-->src\main\AndroidManifest.xml:4:3-79
11-->src\main\AndroidManifest.xml:4:20-76
12    <uses-permission android:name="android.permission.RECEIVE_BOOT_COMPLETED" />
12-->src\main\AndroidManifest.xml:6:3-79
12-->src\main\AndroidManifest.xml:6:20-76
13    <uses-permission android:name="android.permission.SCHEDULE_EXACT_ALARM" />
13-->src\main\AndroidManifest.xml:8:3-77
13-->src\main\AndroidManifest.xml:8:20-74
14
15    <permission
15-->[androidx.core:core:1.9.0] AndroidManifest.xml:22:5-24:47
16        android:name="com.yourcompany.android.studdy.DYNAMIC_RECEIVER_NOT_EXPORTED_PERMISSION"
16-->[androidx.core:core:1.9.0] AndroidManifest.xml:23:9-81
17        android:protectionLevel="signature" />
17-->[androidx.core:core:1.9.0] AndroidManifest.xml:24:9-44
18
19    <uses-permission android:name="com.yourcompany.android.studdy.DYNAMIC_RECEIVER_NOT_EXPORTED_PERMISSION" />
19-->[androidx.core:core:1.9.0] AndroidManifest.xml:26:5-97
19-->[androidx.core:core:1.9.0] AndroidManifest.xml:26:22-94
20
21    <application
21-->src\main\AndroidManifest.xml:10:3-44:17
22        android:name="com.yourcompany.android.studdy.StuddyApplication"
22-->src\main\AndroidManifest.xml:11:7-70
23        android:allowBackup="false"
23-->src\main\AndroidManifest.xml:12:7-34
24        android:appComponentFactory="androidx.core.app.CoreComponentFactory"
24-->[androidx.core:core:1.9.0] AndroidManifest.xml:28:18-86
25        android:debuggable="true"
26        android:extractNativeLibs="false"
27        android:icon="@mipmap/ic_launcher"
27-->src\main\AndroidManifest.xml:13:7-41
28        android:label="@string/app_name"
28-->src\main\AndroidManifest.xml:14:7-39
29        android:roundIcon="@mipmap/ic_launcher_round"
29-->src\main\AndroidManifest.xml:15:7-52
30        android:supportsRtl="true"
30-->src\main\AndroidManifest.xml:16:7-33
31        android:testOnly="true" >
32        <activity
32-->src\main\AndroidManifest.xml:17:5-28:16
33            android:name="com.yourcompany.android.studdy.MainActivity"
33-->src\main\AndroidManifest.xml:18:9-67
34            android:exported="true"
34-->src\main\AndroidManifest.xml:19:9-32
35            android:launchMode="singleTask"
35-->src\main\AndroidManifest.xml:20:9-40
36            android:screenOrientation="portrait"
36-->src\main\AndroidManifest.xml:21:9-45
37            android:theme="@style/SplashTheme" >
37-->src\main\AndroidManifest.xml:22:9-43
38            <intent-filter>
38-->src\main\AndroidManifest.xml:23:7-27:23
39                <action android:name="android.intent.action.MAIN" />
39-->src\main\AndroidManifest.xml:24:9-61
39-->src\main\AndroidManifest.xml:24:17-58
40
41                <category android:name="android.intent.category.LAUNCHER" />
41-->src\main\AndroidManifest.xml:26:9-69
41-->src\main\AndroidManifest.xml:26:19-66
42            </intent-filter>
43        </activity>
44
45        <receiver android:name="com.yourcompany.android.studdy.alarm.ExactAlarmBroadcastReceiver" />
45-->src\main\AndroidManifest.xml:30:5-97
45-->src\main\AndroidManifest.xml:30:15-94
46        <receiver android:name="com.yourcompany.android.studdy.alarm.InexactAlarmBroadcastReceiver" />
46-->src\main\AndroidManifest.xml:32:5-99
46-->src\main\AndroidManifest.xml:32:15-96
47        <receiver
47-->src\main\AndroidManifest.xml:34:5-40:16
48            android:name="com.yourcompany.android.studdy.alarm.RescheduleAlarmsBroadcastReceiver"
48-->src\main\AndroidManifest.xml:35:7-92
49            android:exported="true" >
49-->src\main\AndroidManifest.xml:36:7-30
50            <intent-filter>
50-->src\main\AndroidManifest.xml:37:7-39:23
51                <action android:name="android.intent.action.BOOT_COMPLETED" />
51-->src\main\AndroidManifest.xml:38:9-71
51-->src\main\AndroidManifest.xml:38:17-68
52            </intent-filter>
53        </receiver>
54        <receiver android:name="com.yourcompany.android.studdy.alarm.AlarmNotificationDismissedBroadcastReceiver" />
54-->src\main\AndroidManifest.xml:42:5-113
54-->src\main\AndroidManifest.xml:42:15-110
55
56        <activity
56-->[androidx.compose.ui:ui-tooling:1.2.1] AndroidManifest.xml:24:9-26:39
57            android:name="androidx.compose.ui.tooling.PreviewActivity"
57-->[androidx.compose.ui:ui-tooling:1.2.1] AndroidManifest.xml:25:13-71
58            android:exported="true" />
58-->[androidx.compose.ui:ui-tooling:1.2.1] AndroidManifest.xml:26:13-36
59
60        <provider
60-->[androidx.profileinstaller:profileinstaller:1.2.0] AndroidManifest.xml:25:9-33:20
61            android:name="androidx.startup.InitializationProvider"
61-->[androidx.profileinstaller:profileinstaller:1.2.0] AndroidManifest.xml:26:13-67
62            android:authorities="com.yourcompany.android.studdy.androidx-startup"
62-->[androidx.profileinstaller:profileinstaller:1.2.0] AndroidManifest.xml:27:13-68
63            android:exported="false" >
63-->[androidx.profileinstaller:profileinstaller:1.2.0] AndroidManifest.xml:28:13-37
64            <meta-data
64-->[androidx.profileinstaller:profileinstaller:1.2.0] AndroidManifest.xml:30:13-32:52
65                android:name="androidx.profileinstaller.ProfileInstallerInitializer"
65-->[androidx.profileinstaller:profileinstaller:1.2.0] AndroidManifest.xml:31:17-85
66                android:value="androidx.startup" />
66-->[androidx.profileinstaller:profileinstaller:1.2.0] AndroidManifest.xml:32:17-49
67        </provider>
68
69        <receiver
69-->[androidx.profileinstaller:profileinstaller:1.2.0] AndroidManifest.xml:35:9-47:20
70            android:name="androidx.profileinstaller.ProfileInstallReceiver"
70-->[androidx.profileinstaller:profileinstaller:1.2.0] AndroidManifest.xml:36:13-76
71            android:directBootAware="false"
71-->[androidx.profileinstaller:profileinstaller:1.2.0] AndroidManifest.xml:37:13-44
72            android:enabled="true"
72-->[androidx.profileinstaller:profileinstaller:1.2.0] AndroidManifest.xml:38:13-35
73            android:exported="true"
73-->[androidx.profileinstaller:profileinstaller:1.2.0] AndroidManifest.xml:39:13-36
74            android:permission="android.permission.DUMP" >
74-->[androidx.profileinstaller:profileinstaller:1.2.0] AndroidManifest.xml:40:13-57
75            <intent-filter>
75-->[androidx.profileinstaller:profileinstaller:1.2.0] AndroidManifest.xml:41:13-43:29
76                <action android:name="androidx.profileinstaller.action.INSTALL_PROFILE" />
76-->[androidx.profileinstaller:profileinstaller:1.2.0] AndroidManifest.xml:42:17-91
76-->[androidx.profileinstaller:profileinstaller:1.2.0] AndroidManifest.xml:42:25-88
77            </intent-filter>
78            <intent-filter>
78-->[androidx.profileinstaller:profileinstaller:1.2.0] AndroidManifest.xml:44:13-46:29
79                <action android:name="androidx.profileinstaller.action.SKIP_FILE" />
79-->[androidx.profileinstaller:profileinstaller:1.2.0] AndroidManifest.xml:45:17-85
79-->[androidx.profileinstaller:profileinstaller:1.2.0] AndroidManifest.xml:45:25-82
80            </intent-filter>
81        </receiver>
82    </application>
83
84</manifest>